"C:/Users/Sarah/GameProjects/LunaScape/LunaScape.uproject" 1
"../../../Engine/Plugins/2D/Paper2D/Paper2D.uplugin" 2
"../../../Engine/Plugins/Developer/BlankPlugin/BlankPlugin.uplugin" 3
"../../../Engine/Plugins/Developer/PerforceSourceControl/PerforceSourceControl.uplugin" 4
"../../../Engine/Plugins/Developer/SubversionSourceControl/SubversionSourceControl.uplugin" 5
"../../../Engine/Plugins/Developer/UObjectPlugin/UObjectPlugin.uplugin" 6
"../../../Engine/Plugins/Developer/VisualStudioSourceCodeAccess/VisualStudioSourceCodeAccess.uplugin" 7
"../../../Engine/Plugins/Developer/XCodeSourceCodeAccess/XCodeSourceCodeAccess.uplugin" 8
"../../../Engine/Plugins/Editor/EpicSurvey/EpicSurvey.uplugin" 9
"../../../Engine/Plugins/Editor/MacGraphicsSwitching/MacGraphicsSwitching.uplugin" 10
"../../../Engine/Plugins/Editor/PluginsEditor/PluginsEditor.uplugin" 11
"../../../Engine/Plugins/Editor/SpeedTreeImporter/SpeedTreeImporter.uplugin" 12
"../../../Engine/Plugins/Experimental/BlueprintStats/BlueprintStats.uplugin" 13
"../../../Engine/Plugins/Experimental/CharacterAI/CharacterAI.uplugin" 14
"../../../Engine/Plugins/Experimental/CodeView/CodeView.uplugin" 15
"../../../Engine/Plugins/Experimental/LiveEditor/LiveEditor.uplugin" 16
"../../../Engine/Plugins/Experimental/Phya/Phya.uplugin" 17
"../../../Engine/Plugins/Experimental/SteamVR/SteamVR.uplugin" 18
"../../../Engine/Plugins/Media/AvfMedia/AvfMedia.uplugin" 19
"../../../Engine/Plugins/Media/MediaPlayerEditor/MediaPlayerEditor.uplugin" 20
"../../../Engine/Plugins/Media/WmfMedia/WmfMedia.uplugin" 21
"../../../Engine/Plugins/Messaging/MessagingDebugger/MessagingDebugger.uplugin" 22
"../../../Engine/Plugins/Messaging/ShmMessaging/ShmMessaging.uplugin" 23
"../../../Engine/Plugins/Messaging/UdpMessaging/UdpMessaging.uplugin" 24
"../../../Engine/Plugins/Runtime/Advertising/IOSTapJoy/IOSTapJoy.uplugin" 25
"../../../Engine/Plugins/Runtime/Analytics/AnalyticsBlueprintLibrary/AnalyticsBlueprintLibrary.uplugin" 26
"../../../Engine/Plugins/Runtime/Analytics/Apsalar/IOSApsalar/IOSApsalar.uplugin" 27
"../../../Engine/Plugins/Runtime/Analytics/FileLogging/FileLogging.uplugin" 28
"../../../Engine/Plugins/Runtime/AndroidDeviceProfileSelector/AndroidDeviceProfileSelector.uplugin" 29
"../../../Engine/Plugins/Runtime/AppleMoviePlayer/AppleMoviePlayer.uplugin" 30
"../../../Engine/Plugins/Runtime/CableComponent/CableComponent.uplugin" 31
"../../../Engine/Plugins/Runtime/CustomMeshComponent/CustomMeshComponent.uplugin" 32
"../../../Engine/Plugins/Runtime/ExampleDeviceProfileSelector/ExampleDeviceProfileSelector.uplugin" 33
"../../../Engine/Plugins/Runtime/IOSDeviceProfileSelector/IOSDeviceProfileSelector.uplugin" 34
"../../../Engine/Plugins/Runtime/LiveEditorListenServer/LiveEditorListenServer.uplugin" 35
"../../../Engine/Plugins/Runtime/OculusRift/OculusRift.uplugin" 36
"../../../Engine/Plugins/Runtime/SoundMod/SoundMod.uplugin" 37
"../../../Engine/Plugins/Runtime/SoundVisualizations/SoundVisualizations.uplugin" 38
"../../../Engine/Plugins/Runtime/TwitchLiveStreaming/TwitchLiveStreaming.uplugin" 39
"../../../Engine/Plugins/Runtime/WindowsDeviceProfileSelector/WindowsDeviceProfileSelector.uplugin" 40
"../../../Engine/Plugins/Runtime/WindowsMoviePlayer/WindowsMoviePlayer.uplugin" 41
"../../../Engine/Plugins/ScriptGeneratorPlugin/ScriptGeneratorPlugin.uplugin" 42
"../../../Engine/Plugins/ScriptPlugin/ScriptPlugin.uplugin" 43
"../../../Engine/Plugins/Slate/SlateRemote/SlateRemote.uplugin" 44
"..\..\..\Engine\Content\Internationalization\icudt53l\cnvalias.icu" 45
"..\..\..\Engine\Content\Internationalization\icudt53l\en_US_POSIX.res" 46
"..\..\..\Engine\Content\Internationalization\icudt53l\pool.res" 47
"..\..\..\Engine\Content\Internationalization\icudt53l\en_US.res" 48
"..\..\..\Engine\Content\Internationalization\icudt53l\en.res" 49
"..\..\..\Engine\Content\Internationalization\icudt53l\root.res" 50
"..\..\..\Engine\Content\Internationalization\icudt53l\coll\ucadata.icu" 51
"..\..\..\Engine\Content\Internationalization\icudt53l\nfc.nrm" 52
"..\..\..\Engine\Content\Internationalization\icudt53l\coll\en_US_POSIX.res" 53
"..\..\..\Engine\Content\Internationalization\icudt53l\coll\en_US.res" 54
"..\..\..\Engine\Content\Internationalization\icudt53l\coll\en.res" 55
"..\..\..\Engine\Content\Internationalization\icudt53l\coll\root.res" 56
"..\..\..\Engine\Content\Internationalization\icudt53l\numberingSystems.res" 57
"..\..\..\Engine\Content\Internationalization\icudt53l\curr\supplementalData.res" 58
"..\..\..\Engine\Content\Internationalization\icudt53l\curr\pool.res" 59
"..\..\..\Engine\Content\Internationalization\icudt53l\curr\en.res" 60
"..\..\..\Engine\Content\Internationalization\icudt53l\curr\root.res" 61
"..\..\..\Engine\Content\Internationalization\icudt53l\de_DE.res" 62
"..\..\..\Engine\Content\Internationalization\icudt53l\de.res" 63
"..\..\..\Engine\Content\Internationalization\icudt53l\plurals.res" 64
"..\..\..\Engine\Content\Internationalization\icudt53l\windowsZones.res" 65
"..\..\..\Engine\Content\Internationalization\icudt53l\zoneinfo64.res" 66
"..\..\..\Engine\Content\Internationalization\icudt53l\keyTypeData.res" 67
"..\..\..\Engine\Content\Internationalization\icudt53l\timezoneTypes.res" 68
"..\..\..\Engine\Content\Internationalization\icudt53l\supplementalData.res" 69
"..\..\..\Engine\Content\Internationalization\icudt53l\likelySubtags.res" 70
"..\..\..\Engine\Content\Internationalization\icudt53l\coll\de.res" 71
"..\..\..\Engine\Content\Internationalization\icudt53l\curr\de.res" 72
"../../../Engine/Config/Base.ini" 73
"../../../Engine/Config/BaseEngine.ini" 74
"../../../../../../Users/Sarah/GameProjects/LunaScape/Config/DefaultEngine.ini" 75
"../../../Engine/Config/Windows/WindowsEngine.ini" 76
"C:/Users/Sarah/GameProjects/LunaScape/Saved/Config/Windows/Engine.ini" 77
"../../../../../../Users/Sarah/GameProjects/LunaScape/Saved/Config/CleanSourceConfigs/Engine.ini" 78
"../../../Engine/Config/BaseGame.ini" 79
"C:/Users/Sarah/GameProjects/LunaScape/Saved/Config/Windows/Game.ini" 80
"../../../../../../Users/Sarah/GameProjects/LunaScape/Saved/Config/CleanSourceConfigs/Game.ini" 81
"../../../Engine/Config/BaseInput.ini" 82
"../../../../../../Users/Sarah/GameProjects/LunaScape/Config/DefaultInput.ini" 83
"C:/Users/Sarah/GameProjects/LunaScape/Saved/Config/Windows/Input.ini" 84
"../../../../../../Users/Sarah/GameProjects/LunaScape/Saved/Config/CleanSourceConfigs/Input.ini" 85
"../../../Engine/Config/BaseEditor.ini" 86
"../../../../../../Users/Sarah/GameProjects/LunaScape/Config/DefaultEditor.ini" 87
"C:/Users/Sarah/GameProjects/LunaScape/Saved/Config/Windows/Editor.ini" 88
"../../../../../../Users/Sarah/GameProjects/LunaScape/Saved/Config/CleanSourceConfigs/Editor.ini" 89
"../../../Engine/Config/BaseEditorLayout.ini" 90
"C:/Users/Sarah/GameProjects/LunaScape/Saved/Config/Windows/EditorLayout.ini" 91
"../../../../../../Users/Sarah/GameProjects/LunaScape/Saved/Config/CleanSourceConfigs/EditorLayout.ini" 92
"../../../Engine/Config/BaseEditorUserSettings.ini" 93
"C:/Users/Sarah/GameProjects/LunaScape/Saved/Config/Windows/EditorUserSettings.ini" 94
"../../../../../../Users/Sarah/GameProjects/LunaScape/Saved/Config/CleanSourceConfigs/EditorUserSettings.ini" 95
"../../../Engine/Config/BaseEditorKeyBindings.ini" 96
"C:/Users/Sarah/GameProjects/LunaScape/Saved/Config/Windows/EditorKeyBindings.ini" 97
"../../../../../../Users/Sarah/GameProjects/LunaScape/Saved/Config/CleanSourceConfigs/EditorKeyBindings.ini" 98
"../../../Engine/Config/BaseCompat.ini" 99
"C:/Users/Sarah/GameProjects/LunaScape/Saved/Config/Windows/Compat.ini" 100
"../../../../../../Users/Sarah/GameProjects/LunaScape/Saved/Config/CleanSourceConfigs/Compat.ini" 101
"../../../Engine/Config/BaseLightmass.ini" 102
"C:/Users/Sarah/GameProjects/LunaScape/Saved/Config/Windows/Lightmass.ini" 103
"../../../../../../Users/Sarah/GameProjects/LunaScape/Saved/Config/CleanSourceConfigs/Lightmass.ini" 104
"../../../Engine/Config/BaseScalability.ini" 105
"C:/Users/Sarah/GameProjects/LunaScape/Saved/Config/Windows/Scalability.ini" 106
"../../../../../../Users/Sarah/GameProjects/LunaScape/Saved/Config/CleanSourceConfigs/Scalability.ini" 107
"C:/Users/Sarah/GameProjects/LunaScape/Saved/Config/Windows/GameUserSettings.ini" 108
"../../../../../../Users/Sarah/GameProjects/LunaScape/Saved/Config/CleanSourceConfigs/GameUserSettings.ini" 109
"../../../Engine/Config/BaseDeviceProfiles.ini" 110
"C:/Users/Sarah/GameProjects/LunaScape/Saved/Config/Windows/DeviceProfiles.ini" 111
"../../../../../../Users/Sarah/GameProjects/LunaScape/Saved/Config/CleanSourceConfigs/DeviceProfiles.ini" 112
"../../../Engine/Config/ConsoleVariables.ini" 113
"..\..\..\Engine\Content\Internationalization\icudt53l\es.res" 114
"..\..\..\Engine\Content\Internationalization\icudt53l\coll\es.res" 115
"..\..\..\Engine\Content\Internationalization\icudt53l\curr\es.res" 116
"..\..\..\Engine\Content\Internationalization\icudt53l\es_ES.res" 117
"..\..\..\Engine\Content\Internationalization\icudt53l\ja.res" 118
"..\..\..\Engine\Content\Internationalization\icudt53l\coll\ja.res" 119
"..\..\..\Engine\Content\Internationalization\icudt53l\curr\ja.res" 120
"..\..\..\Engine\Content\Internationalization\icudt53l\ja_JP.res" 121
"..\..\..\Engine\Content\Internationalization\icudt53l\ko.res" 122
"..\..\..\Engine\Content\Internationalization\icudt53l\coll\ko.res" 123
"..\..\..\Engine\Content\Internationalization\icudt53l\curr\ko.res" 124
"..\..\..\Engine\Content\Internationalization\icudt53l\ko_KR.res" 125
"..\..\..\Engine\Content\Internationalization\icudt53l\pt_BR.res" 126
"..\..\..\Engine\Content\Internationalization\icudt53l\pt.res" 127
"..\..\..\Engine\Content\Internationalization\icudt53l\coll\pt.res" 128
"..\..\..\Engine\Content\Internationalization\icudt53l\curr\pt.res" 129
"..\..\..\Engine\Content\Internationalization\icudt53l\zh_CN.res" 130
"..\..\..\Engine\Content\Internationalization\icudt53l\zh_Hans_CN.res" 131
"..\..\..\Engine\Content\Internationalization\icudt53l\zh_Hans.res" 132
"..\..\..\Engine\Content\Internationalization\icudt53l\zh.res" 133
"..\..\..\Engine\Content\Internationalization\icudt53l\coll\zh_CN.res" 134
"..\..\..\Engine\Content\Internationalization\icudt53l\coll\zh_Hans_CN.res" 135
"..\..\..\Engine\Content\Internationalization\icudt53l\coll\zh_Hans.res" 136
"..\..\..\Engine\Content\Internationalization\icudt53l\coll\zh.res" 137
"..\..\..\Engine\Content\Internationalization\icudt53l\curr\zh_CN.res" 138
"..\..\..\Engine\Content\Internationalization\icudt53l\curr\zh_Hans_CN.res" 139
"..\..\..\Engine\Content\Internationalization\icudt53l\curr\zh_Hans.res" 140
"..\..\..\Engine\Content\Internationalization\icudt53l\curr\zh.res" 141
"C:/Program Files/Epic Games/4.6/Engine/Content/Localization/Engine/en/Engine.locres" 142
"C:/Program Files/Epic Games/4.6/Engine/Content/Localization/Editor/en/Editor.locres" 143
"C:/Program Files/Epic Games/4.6/Engine/Content/Localization/EditorTutorials/en/EditorTutorials.locres" 144
"../../../Engine/Content/Slate/Fonts/Roboto-Regular.ttf" 145
"../../../Engine/Content/Slate/Fonts/Roboto-Bold.ttf" 146
"../../../Engine/Content/Slate/Fonts/Roboto-Light.ttf" 147
"../../../Engine/Content/Slate/Fonts/DroidSansMono.ttf" 148
"C:/Program Files/Epic Games/4.6/Engine/Binaries/Win64/../../../Engine/Shaders/ParticleSpriteVertexFactory.usf" 149
"C:/Program Files/Epic Games/4.6/Engine/Binaries/Win64/../../../Engine/Shaders/VertexFactoryCommon.usf" 150
"C:/Program Files/Epic Games/4.6/Engine/Binaries/Win64/../../../Engine/Shaders/Common.usf" 151
"C:/Program Files/Epic Games/4.6/Engine/Binaries/Win64/../../../Engine/Shaders/ShaderVersion.usf" 152
"C:/Program Files/Epic Games/4.6/Engine/Binaries/Win64/../../../Engine/Shaders/Definitions.usf" 153
"C:/Program Files/Epic Games/4.6/Engine/Binaries/Win64/../../../Engine/Shaders/Random.usf" 154
"C:/Program Files/Epic Games/4.6/Engine/Binaries/Win64/../../../Engine/Shaders/ParticleVertexFactoryCommon.usf" 155
"C:/Program Files/Epic Games/4.6/Engine/Binaries/Win64/../../../Engine/Shaders/ParticleGPUSpriteVertexFactory.usf" 156
"C:/Program Files/Epic Games/4.6/Engine/Binaries/Win64/../../../Engine/Shaders/ParticleBeamTrailVertexFactory.usf" 157
"C:/Program Files/Epic Games/4.6/Engine/Binaries/Win64/../../../Engine/Shaders/VectorFieldVisualizationVertexFactory.usf" 158
"C:/Program Files/Epic Games/4.6/Engine/Binaries/Win64/../../../Engine/Shaders/LocalVertexFactory.usf" 159
"C:/Program Files/Epic Games/4.6/Engine/Binaries/Win64/../../../Engine/Shaders/LocalVertexFactoryCommon.usf" 160
"C:/Program Files/Epic Games/4.6/Engine/Binaries/Win64/../../../Engine/Shaders/MeshParticleVertexFactory.usf" 161
"C:/Program Files/Epic Games/4.6/Engine/Binaries/Win64/../../../Engine/Shaders/GpuSkinVertexFactory.usf" 162
"C:/Program Files/Epic Games/4.6/Engine/Binaries/Win64/../../../Engine/Shaders/GpuSkinCacheCommon.usf" 163
"C:/Program Files/Epic Games/4.6/Engine/Binaries/Win64/../../../Engine/Shaders/LandscapeVertexFactory.usf" 164
"C:/Program Files/Epic Games/4.6/Engine/Binaries/Win64/../../../Engine/Shaders/SlateElementPixelShader.usf" 165
"C:/Program Files/Epic Games/4.6/Engine/Binaries/Win64/../../../Engine/Shaders/MaterialTemplate.usf" 166
"C:/Program Files/Epic Games/4.6/Engine/Binaries/Win64/../../../Engine/Shaders/DepthOfFieldCommon.usf" 167
"C:/Program Files/Epic Games/4.6/Engine/Binaries/Win64/../../../Engine/Shaders/SpeedTreeCommon.usf" 168
"C:/Program Files/Epic Games/4.6/Engine/Binaries/Win64/../../../Engine/Shaders/AtmosphereCommon.usf" 169
"C:/Program Files/Epic Games/4.6/Engine/Binaries/Win64/../../../Engine/Shaders/PostProcessCommon.usf" 170
"C:/Program Files/Epic Games/4.6/Engine/Binaries/Win64/../../../Engine/Shaders/DeferredShadingCommon.usf" 171
"C:/Program Files/Epic Games/4.6/Engine/Binaries/Win64/../../../Engine/Shaders/LightAccumulator.usf" 172
"C:/Program Files/Epic Games/4.6/Engine/Binaries/Win64/../../../Engine/Shaders/SlateVertexShader.usf" 173
"C:/Program Files/Epic Games/4.6/Engine/Binaries/Win64/../../../Engine/Shaders/OneColorShader.usf" 174
"C:/Program Files/Epic Games/4.6/Engine/Binaries/Win64/../../../Engine/Shaders/ResolveVertexShader.usf" 175
"C:/Program Files/Epic Games/4.6/Engine/Binaries/Win64/../../../Engine/Shaders/ResolvePixelShader.usf" 176
"C:/Program Files/Epic Games/4.6/Engine/Binaries/Win64/../../../Engine/Shaders/VisualizeTexture.usf" 177
"C:/Program Files/Epic Games/4.6/Engine/Binaries/Win64/../../../Engine/Shaders/ScreenSpaceReflections.usf" 178
"C:/Program Files/Epic Games/4.6/Engine/Binaries/Win64/../../../Engine/Shaders/BRDF.usf" 179
"C:/Program Files/Epic Games/4.6/Engine/Binaries/Win64/../../../Engine/Shaders/MonteCarlo.usf" 180
"C:/Program Files/Epic Games/4.6/Engine/Binaries/Win64/../../../Engine/Shaders/FilterVertexShader.usf" 181
"C:/Program Files/Epic Games/4.6/Engine/Binaries/Win64/../../../Engine/Shaders/FilterPixelShader.usf" 182
"C:/Program Files/Epic Games/4.6/Engine/Binaries/Win64/../../../Engine/Shaders/PostProcessVisualizeHDR.usf" 183
"C:/Program Files/Epic Games/4.6/Engine/Binaries/Win64/../../../Engine/Shaders/PostProcessHistogramCommon.usf" 184
"C:/Program Files/Epic Games/4.6/Engine/Binaries/Win64/../../../Engine/Shaders/TonemapCommon.usf" 185
"C:/Program Files/Epic Games/4.6/Engine/Binaries/Win64/../../../Engine/Shaders/MiniFontCommon.usf" 186
"C:/Program Files/Epic Games/4.6/Engine/Binaries/Win64/../../../Engine/Shaders/PostProcessVisualizeBuffer.usf" 187
"C:/Program Files/Epic Games/4.6/Engine/Binaries/Win64/../../../Engine/Shaders/PostProcessUpscale.usf" 188
"C:/Program Files/Epic Games/4.6/Engine/Binaries/Win64/../../../Engine/Shaders/PostProcessTonemap.usf" 189
"C:/Program Files/Epic Games/4.6/Engine/Binaries/Win64/../../../Engine/Shaders/PostProcessTestImage.usf" 190
"C:/Program Files/Epic Games/4.6/Engine/Binaries/Win64/../../../Engine/Shaders/PostProcessTemporalAA.usf" 191
"C:/Program Files/Epic Games/4.6/Engine/Binaries/Win64/../../../Engine/Shaders/PostProcessTemporalCommon.usf" 192
"C:/Program Files/Epic Games/4.6/Engine/Binaries/Win64/../../../Engine/Shaders/PostProcessSubsurface.usf" 193
"C:/Program Files/Epic Games/4.6/Engine/Binaries/Win64/../../../Engine/Shaders/SeparableSSS.usf" 194
"C:/Program Files/Epic Games/4.6/Engine/Binaries/Win64/../../../Engine/Shaders/PostProcessSelectionOutline.usf" 195
"C:/Program Files/Epic Games/4.6/Engine/Binaries/Win64/../../../Engine/Shaders/PostProcessSceneColorFringe.usf" 196
"C:/Program Files/Epic Games/4.6/Engine/Binaries/Win64/../../../Engine/Shaders/PostProcessNoiseBlur.usf" 197
"C:/Program Files/Epic Games/4.6/Engine/Binaries/Win64/../../../Engine/Shaders/PostProcessMotionBlur.usf" 198
"C:/Program Files/Epic Games/4.6/Engine/Binaries/Win64/../../../Engine/Shaders/MorpheusInclude.usf" 199
"C:/Program Files/Epic Games/4.6/Engine/Binaries/Win64/../../../Engine/Shaders/PostProcessMobile.usf" 200
"C:/Program Files/Epic Games/4.6/Engine/Binaries/Win64/../../../Engine/Shaders/PostProcessMaterialShaders.usf" 201
"C:/Program Files/Epic Games/4.6/Engine/Binaries/Win64/../../../Engine/Shaders/PostProcessLensFlares.usf" 202
"C:/Program Files/Epic Games/4.6/Engine/Binaries/Win64/../../../Engine/Shaders/PostProcessLensBlur.usf" 203
"C:/Program Files/Epic Games/4.6/Engine/Binaries/Win64/../../../Engine/Shaders/PostProcessBloom.usf" 204
"C:/Program Files/Epic Games/4.6/Engine/Binaries/Win64/../../../Engine/Shaders/PostProcessHMD.usf" 205
"C:/Program Files/Epic Games/4.6/Engine/Binaries/Win64/../../../Engine/Shaders/PostProcessHistogramReduce.usf" 206
"C:/Program Files/Epic Games/4.6/Engine/Binaries/Win64/../../../Engine/Shaders/PostProcessHistogram.usf" 207
"C:/Program Files/Epic Games/4.6/Engine/Binaries/Win64/../../../Engine/Shaders/PostProcessGBufferHints.usf" 208
"C:/Program Files/Epic Games/4.6/Engine/Binaries/Win64/../../../Engine/Shaders/PostProcessEyeAdaptation.usf" 209
"C:/Program Files/Epic Games/4.6/Engine/Binaries/Win64/../../../Engine/Shaders/PostProcessDownsample.usf" 210
"C:/Program Files/Epic Games/4.6/Engine/Binaries/Win64/../../../Engine/Shaders/PostProcessDOF.usf" 211
"C:/Program Files/Epic Games/4.6/Engine/Binaries/Win64/../../../Engine/Shaders/PostProcessCompositeEditorPrimitives.usf" 212
"C:/Program Files/Epic Games/4.6/Engine/Binaries/Win64/../../../Engine/Shaders/PostProcessCombineLUTs.usf" 213
"C:/Program Files/Epic Games/4.6/Engine/Binaries/Win64/../../../Engine/Shaders/PostProcessBusyWait.usf" 214
"C:/Program Files/Epic Games/4.6/Engine/Binaries/Win64/../../../Engine/Shaders/PostProcessBokehDOF.usf" 215
"C:/Program Files/Epic Games/4.6/Engine/Binaries/Win64/../../../Engine/Shaders/FXAAShader.usf" 216
"C:/Program Files/Epic Games/4.6/Engine/Binaries/Win64/../../../Engine/Shaders/Fxaa3_11.usf" 217
"C:/Program Files/Epic Games/4.6/Engine/Binaries/Win64/../../../Engine/Shaders/PostProcessPassThrough.usf" 218
"C:/Program Files/Epic Games/4.6/Engine/Binaries/Win64/../../../Engine/Shaders/PostProcessLpvIndirect.usf" 219
"C:/Program Files/Epic Games/4.6/Engine/Binaries/Win64/../../../Engine/Shaders/DeferredLightingCommon.usf" 220
"C:/Program Files/Epic Games/4.6/Engine/Binaries/Win64/../../../Engine/Shaders/DynamicLightingCommon.usf" 221
"C:/Program Files/Epic Games/4.6/Engine/Binaries/Win64/../../../Engine/Shaders/IESLightProfilesCommon.usf" 222
"C:/Program Files/Epic Games/4.6/Engine/Binaries/Win64/../../../Engine/Shaders/LPVFinalPass.usf" 223
"C:/Program Files/Epic Games/4.6/Engine/Binaries/Win64/../../../Engine/Shaders/LPVCommon.usf" 224
"C:/Program Files/Epic Games/4.6/Engine/Binaries/Win64/../../../Engine/Shaders/DeferredDecal.usf" 225
"C:/Program Files/Epic Games/4.6/Engine/Binaries/Win64/../../../Engine/Shaders/PostProcessAmbientOcclusion.usf" 226
"C:/Program Files/Epic Games/4.6/Engine/Binaries/Win64/../../../Engine/Shaders/PostProcessAmbient.usf" 227
"C:/Program Files/Epic Games/4.6/Engine/Binaries/Win64/../../../Engine/Shaders/CubemapCommon.usf" 228
"C:/Program Files/Epic Games/4.6/Engine/Binaries/Win64/../../../Engine/Shaders/VelocityShader.usf" 229
"C:/Program Files/Epic Games/4.6/Engine/Binaries/Win64/../../../Engine/Shaders/Tessellation.usf" 230
"C:/Program Files/Epic Games/4.6/Engine/Binaries/Win64/../../../Engine/Shaders/FlatTessellation.usf" 231
"C:/Program Files/Epic Games/4.6/Engine/Binaries/Win64/../../../Engine/Shaders/PNTriangles.usf" 232
"C:/Program Files/Epic Games/4.6/Engine/Binaries/Win64/../../../Engine/Shaders/TranslucentLightingShaders.usf" 233
"C:/Program Files/Epic Games/4.6/Engine/Binaries/Win64/../../../Engine/Shaders/SHCommon.usf" 234
"C:/Program Files/Epic Games/4.6/Engine/Binaries/Win64/../../../Engine/Shaders/ShadowProjectionCommon.usf" 235
"C:/Program Files/Epic Games/4.6/Engine/Binaries/Win64/../../../Engine/Shaders/TranslucentLightInjectionShaders.usf" 236
"C:/Program Files/Epic Games/4.6/Engine/Binaries/Win64/../../../Engine/Shaders/LightFunctionCommon.usf" 237
"C:/Program Files/Epic Games/4.6/Engine/Binaries/Win64/../../../Engine/Shaders/TranslucentShadowDepthShaders.usf" 238
"C:/Program Files/Epic Games/4.6/Engine/Binaries/Win64/../../../Engine/Shaders/ShadowDepthCommon.usf" 239
"C:/Program Files/Epic Games/4.6/Engine/Binaries/Win64/../../../Engine/Shaders/TiledDeferredLightShaders.usf" 240
"C:/Program Files/Epic Games/4.6/Engine/Binaries/Win64/../../../Engine/Shaders/ShadowProjectionPixelShader.usf" 241
"C:/Program Files/Epic Games/4.6/Engine/Binaries/Win64/../../../Engine/Shaders/ShadowFilteringCommon.usf" 242
"C:/Program Files/Epic Games/4.6/Engine/Binaries/Win64/../../../Engine/Shaders/ShadowProjectionVertexShader.usf" 243
"C:/Program Files/Epic Games/4.6/Engine/Binaries/Win64/../../../Engine/Shaders/ShadowDepthPixelShader.usf" 244
"C:/Program Files/Epic Games/4.6/Engine/Binaries/Win64/../../../Engine/Shaders/LPVWriteVplCommon.usf" 245
"C:/Program Files/Epic Games/4.6/Engine/Binaries/Win64/../../../Engine/Shaders/LPVWriteCommon.usf" 246
"C:/Program Files/Epic Games/4.6/Engine/Binaries/Win64/../../../Engine/Shaders/ShadowDepthVertexShader.usf" 247
"C:/Program Files/Epic Games/4.6/Engine/Binaries/Win64/../../../Engine/Shaders/ShaderComplexityApplyPixelShader.usf" 248
"C:/Program Files/Epic Games/4.6/Engine/Binaries/Win64/../../../Engine/Shaders/ShaderComplexityApplyVertexShader.usf" 249
"C:/Program Files/Epic Games/4.6/Engine/Binaries/Win64/../../../Engine/Shaders/ShaderComplexityAccumulatePixelShader.usf" 250
"C:/Program Files/Epic Games/4.6/Engine/Binaries/Win64/../../../Engine/Shaders/HZBOcclusion.usf" 251
"C:/Program Files/Epic Games/4.6/Engine/Binaries/Win64/../../../Engine/Shaders/OcclusionQueryVertexShader.usf" 252
"C:/Program Files/Epic Games/4.6/Engine/Binaries/Win64/../../../Engine/Shaders/HitProxyPixelShader.usf" 253
"C:/Program Files/Epic Games/4.6/Engine/Binaries/Win64/../../../Engine/Shaders/HitProxyVertexShader.usf" 254
"C:/Program Files/Epic Games/4.6/Engine/Binaries/Win64/../../../Engine/Shaders/ReflectionEnvironmentShaders.usf" 255
"C:/Program Files/Epic Games/4.6/Engine/Binaries/Win64/../../../Engine/Shaders/ReflectionEnvironmentShared.usf" 256
"C:/Program Files/Epic Games/4.6/Engine/Binaries/Win64/../../../Engine/Shaders/SkyLightingShared.usf" 257
"C:/Program Files/Epic Games/4.6/Engine/Binaries/Win64/../../../Engine/Shaders/ReflectionEnvironmentComputeShaders.usf" 258
"C:/Program Files/Epic Games/4.6/Engine/Binaries/Win64/../../../Engine/Shaders/LightShaftShader.usf" 259
"C:/Program Files/Epic Games/4.6/Engine/Binaries/Win64/../../../Engine/Shaders/StationaryLightOverlapShaders.usf" 260
"C:/Program Files/Epic Games/4.6/Engine/Binaries/Win64/../../../Engine/Shaders/DeferredLightPixelShaders.usf" 261
"C:/Program Files/Epic Games/4.6/Engine/Binaries/Win64/../../../Engine/Shaders/DeferredLightVertexShaders.usf" 262
"C:/Program Files/Epic Games/4.6/Engine/Binaries/Win64/../../../Engine/Shaders/LPVVisualise.usf" 263
"C:/Program Files/Epic Games/4.6/Engine/Binaries/Win64/../../../Engine/Shaders/LPVGeometryVolumeCommon.usf" 264
"C:/Program Files/Epic Games/4.6/Engine/Binaries/Win64/../../../Engine/Shaders/LPVDirectLightInject.usf" 265
"C:/Program Files/Epic Games/4.6/Engine/Binaries/Win64/../../../Engine/Shaders/LPVPropagate.usf" 266
"C:/Program Files/Epic Games/4.6/Engine/Binaries/Win64/../../../Engine/Shaders/LPVBuildGeometryVolume.usf" 267
"C:/Program Files/Epic Games/4.6/Engine/Binaries/Win64/../../../Engine/Shaders/LPVInject_AccumulateVplLists.usf" 268
"C:/Program Files/Epic Games/4.6/Engine/Binaries/Win64/../../../Engine/Shaders/LPVInject_GenerateVplLists.usf" 269
"C:/Program Files/Epic Games/4.6/Engine/Binaries/Win64/../../../Engine/Shaders/LPVClearLists.usf" 270
"C:/Program Files/Epic Games/4.6/Engine/Binaries/Win64/../../../Engine/Shaders/LPVClear.usf" 271
"C:/Program Files/Epic Games/4.6/Engine/Binaries/Win64/../../../Engine/Shaders/LightMapDensityShader.usf" 272
"C:/Program Files/Epic Games/4.6/Engine/Binaries/Win64/../../../Engine/Shaders/LightFunctionPixelShader.usf" 273
"C:/Program Files/Epic Games/4.6/Engine/Binaries/Win64/../../../Engine/Shaders/LightFunctionVertexShader.usf" 274
"C:/Program Files/Epic Games/4.6/Engine/Binaries/Win64/../../../Engine/Shaders/HdrCustomResolveShaders.usf" 275
"C:/Program Files/Epic Games/4.6/Engine/Binaries/Win64/../../../Engine/Shaders/GPUBenchmark.usf" 276
"C:/Program Files/Epic Games/4.6/Engine/Binaries/Win64/../../../Engine/Shaders/GammaCorrection.usf" 277
"C:/Program Files/Epic Games/4.6/Engine/Binaries/Win64/../../../Engine/Shaders/BasePassForForwardShadingPixelShader.usf" 278
"C:/Program Files/Epic Games/4.6/Engine/Binaries/Win64/../../../Engine/Shaders/BasePassForForwardShadingCommon.usf" 279
"C:/Program Files/Epic Games/4.6/Engine/Binaries/Win64/../../../Engine/Shaders/LightmapCommon.usf" 280
"C:/Program Files/Epic Games/4.6/Engine/Binaries/Win64/../../../Engine/Shaders/BasePassForForwardShadingVertexShader.usf" 281
"C:/Program Files/Epic Games/4.6/Engine/Binaries/Win64/../../../Engine/Shaders/HeightFogCommon.usf" 282
"C:/Program Files/Epic Games/4.6/Engine/Binaries/Win64/../../../Engine/Shaders/HeightFogPixelShader.usf" 283
"C:/Program Files/Epic Games/4.6/Engine/Binaries/Win64/../../../Engine/Shaders/HeightFogVertexShader.usf" 284
"C:/Program Files/Epic Games/4.6/Engine/Binaries/Win64/../../../Engine/Shaders/DistortAccumulatePS.usf" 285
"C:/Program Files/Epic Games/4.6/Engine/Binaries/Win64/../../../Engine/Shaders/DistortAccumulateVS.usf" 286
"C:/Program Files/Epic Games/4.6/Engine/Binaries/Win64/../../../Engine/Shaders/DistortApplyScreenPS.usf" 287
"C:/Program Files/Epic Games/4.6/Engine/Binaries/Win64/../../../Engine/Shaders/SkyLighting.usf" 288
"C:/Program Files/Epic Games/4.6/Engine/Binaries/Win64/../../../Engine/Shaders/DistanceFieldSurfaceCacheLighting.usf" 289
"C:/Program Files/Epic Games/4.6/Engine/Binaries/Win64/../../../Engine/Shaders/DistanceFieldLightingShared.usf" 290
"C:/Program Files/Epic Games/4.6/Engine/Binaries/Win64/../../../Engine/Shaders/DistanceFieldAOShared.usf" 291
"C:/Program Files/Epic Games/4.6/Engine/Binaries/Win64/../../../Engine/Shaders/DistanceFieldSurfaceCacheLightingCompute.usf" 292
"C:/Program Files/Epic Games/4.6/Engine/Binaries/Win64/../../../Engine/Shaders/DistanceFieldShadowing.usf" 293
"C:/Program Files/Epic Games/4.6/Engine/Binaries/Win64/../../../Engine/Shaders/DepthOnlyPixelShader.usf" 294
"C:/Program Files/Epic Games/4.6/Engine/Binaries/Win64/../../../Engine/Shaders/DepthOnlyVertexShader.usf" 295
"C:/Program Files/Epic Games/4.6/Engine/Binaries/Win64/../../../Engine/Shaders/PositionOnlyDepthVertexShader.usf" 296
"C:/Program Files/Epic Games/4.6/Engine/Binaries/Win64/../../../Engine/Shaders/DownsampleDepthPixelShader.usf" 297
"C:/Program Files/Epic Games/4.6/Engine/Binaries/Win64/../../../Engine/Shaders/BasePassPixelShader.usf" 298
"C:/Program Files/Epic Games/4.6/Engine/Binaries/Win64/../../../Engine/Shaders/BasePassCommon.usf" 299
"C:/Program Files/Epic Games/4.6/Engine/Binaries/Win64/../../../Engine/Shaders/BasePassVertexShader.usf" 300
"C:/Program Files/Epic Games/4.6/Engine/Binaries/Win64/../../../Engine/Shaders/BasePassVertexCommon.usf" 301
"C:/Program Files/Epic Games/4.6/Engine/Binaries/Win64/../../../Engine/Shaders/BasePassTessellationShaders.usf" 302
"C:/Program Files/Epic Games/4.6/Engine/Binaries/Win64/../../../Engine/Shaders/AtmospherePrecompute.usf" 303
"C:/Program Files/Epic Games/4.6/Engine/Binaries/Win64/../../../Engine/Shaders/AtmospherePrecomputeCommon.usf" 304
"C:/Program Files/Epic Games/4.6/Engine/Binaries/Win64/../../../Engine/Shaders/AtmospherePrecomputeInscatter.usf" 305
"C:/Program Files/Epic Games/4.6/Engine/Binaries/Win64/../../../Engine/Shaders/AtmosphericFogShader.usf" 306
"C:/Program Files/Epic Games/4.6/Engine/Binaries/Win64/../../../Engine/Shaders/ParticleSortKeyGen.usf" 307
"C:/Program Files/Epic Games/4.6/Engine/Binaries/Win64/../../../Engine/Shaders/ParticleBoundsShader.usf" 308
"C:/Program Files/Epic Games/4.6/Engine/Binaries/Win64/../../../Engine/Shaders/ParticleSimVisualizeShader.usf" 309
"C:/Program Files/Epic Games/4.6/Engine/Binaries/Win64/../../../Engine/Shaders/ParticleInjectionShader.usf" 310
"C:/Program Files/Epic Games/4.6/Engine/Binaries/Win64/../../../Engine/Shaders/ParticleSimulationShader.usf" 311
"C:/Program Files/Epic Games/4.6/Engine/Binaries/Win64/../../../Engine/Shaders/ParticleCurveInjectionShader.usf" 312
"C:/Program Files/Epic Games/4.6/Engine/Binaries/Win64/../../../Engine/Shaders/VectorFieldCompositeShaders.usf" 313
"C:/Program Files/Epic Games/4.6/Engine/Binaries/Win64/../../../Engine/Shaders/UpdateTextureShaders.usf" 314
"C:/Program Files/Epic Games/4.6/Engine/Binaries/Win64/../../../Engine/Shaders/SimpleElementColorChannelMaskPixelShader.usf" 315
"C:/Program Files/Epic Games/4.6/Engine/Binaries/Win64/../../../Engine/Shaders/SimpleElementHitProxyPixelShader.usf" 316
"C:/Program Files/Epic Games/4.6/Engine/Binaries/Win64/../../../Engine/Shaders/SimpleElementPixelShader.usf" 317
"C:/Program Files/Epic Games/4.6/Engine/Binaries/Win64/../../../Engine/Shaders/ColorUtils.usf" 318
"C:/Program Files/Epic Games/4.6/Engine/Binaries/Win64/../../../Engine/Shaders/SimpleElementVertexShader.usf" 319
"C:/Program Files/Epic Games/4.6/Engine/Binaries/Win64/../../../Engine/Shaders/ScreenVertexShader.usf" 320
"C:/Program Files/Epic Games/4.6/Engine/Binaries/Win64/../../../Engine/Shaders/ScreenPixelShader.usf" 321
"C:/Program Files/Epic Games/4.6/Engine/Binaries/Win64/../../../Engine/Shaders/RadixSortShaders.usf" 322
"C:/Program Files/Epic Games/4.6/Engine/Binaries/Win64/../../../Engine/Shaders/GpuSkinCacheComputeShader.usf" 323
"C:/Program Files/Epic Games/4.6/Engine/Binaries/Win64/../../../Engine/Shaders/NullPixelShader.usf" 324
"C:/Program Files/Epic Games/4.6/Engine/Binaries/Win64/../../../Engine/Shaders/ClearReplacementShaders.usf" 325
"C:/Program Files/Epic Games/4.6/Engine/Binaries/Win64/../../../Engine/Shaders/SimpleElementTexture2DPreviewPixelShader.usf" 326
"C:/Program Files/Epic Games/4.6/Engine/Binaries/Win64/../../../Engine/Shaders/SimpleElementNormalMapPixelShader.usf" 327
"C:/Program Files/Epic Games/4.6/Engine/Binaries/Win64/../../../Engine/Shaders/meshpaintdilatepixelshader.usf" 328
"C:/Program Files/Epic Games/4.6/Engine/Binaries/Win64/../../../Engine/Shaders/meshpaintdilatevertexshader.usf" 329
"C:/Program Files/Epic Games/4.6/Engine/Binaries/Win64/../../../Engine/Shaders/MeshPaintPixelShader.usf" 330
"C:/Program Files/Epic Games/4.6/Engine/Binaries/Win64/../../../Engine/Shaders/MeshPaintVertexShader.usf" 331
"../../../Engine/Config/Android/AndroidEngine.ini" 332
"../../../Engine/Config/IOS/IOSEngine.ini" 333
"../../../Engine/Config/Linux/LinuxEngine.ini" 334
"C:/Users/Sarah/AppData/Local/UnrealEngine/4.6/DerivedDataCache/Boot.ddc" 335
"../../../Engine/DerivedDataCache/DDC.ddp" 336
"../../../Engine/Content/EditorResources/S_Actor.uasset" 337
"../../../Engine/Content/EditorLandscapeResources/DataLayer.uasset" 338
"../../../Engine/Content/Maps/Templates/Thumbnails/Default.uasset" 339
"../../../Engine/Content/EditorMaterials/ParticleSystems/PSysThumbnail_NoImage.uasset" 340
"../../../Engine/Content/EditorMaterials/ParticleSystems/PSysThumbnail_OOD.uasset" 341
"../../../Engine/Content/EngineDamageTypes/DmgTypeBP_Environmental.uasset" 342
"../../../Engine/Content/EngineMeshes/Sphere.uasset" 343
"../../../Engine/Content/EngineFonts/RobotoDistanceField.uasset" 344
"../../../Engine/Content/EngineMaterials/DefaultTextMaterialOpaque.uasset" 345
"../../../Engine/Content/Functions/Engine_MaterialFunctions01/Shading/PowerToRoughness.uasset" 346
"../../../Engine/Content/Functions/Engine_MaterialFunctions01/Shading/ConvertFromDiffSpec.uasset" 347
"../../../Engine/Content/EngineMaterials/WorldGridMaterial.uasset" 348
"../../../Engine/Content/Functions/Engine_MaterialFunctions01/Opacity/CameraDepthFade.uasset" 349
"../../../Engine/Content/EngineMaterials/T_Default_Material_Grid_M.uasset" 350
"../../../Engine/Content/EngineMaterials/T_Default_Material_Grid_N.uasset" 351
"../../../Engine/Content/EngineMaterials/DefaultDeferredDecalMaterial.uasset" 352
"../../../Engine/Content/EngineMaterials/DefaultDiffuse.uasset" 353
"../../../Engine/Content/EngineMaterials/DefaultLightFunctionMaterial.uasset" 354
"../../../Engine/Content/EngineMaterials/DefaultPostProcessMaterial.uasset" 355
"../../../Engine/Content/Functions/Engine_MaterialFunctions02/Utility/BreakOutFloat2Components.uasset" 356
"../../../Engine/Content/EditorResources/S_Trigger.uasset" 357
"../../../Engine/Content/EngineResources/WhiteSquareTexture.uasset" 358
"../../../Engine/Content/EngineResources/GradientTexture0.uasset" 359
"../../../Engine/Content/EngineResources/Black.uasset" 360
"../../../Engine/Content/EditorMaterials/MatineeGroups/MAT_Groups_Float.uasset" 361
"../../../Engine/Content/EditorMaterials/MatineeGroups/MAT_Groups_Director.uasset" 362
"../../../Engine/Content/EditorMaterials/MatineeGroups/MAT_Groups_Event.uasset" 363
"../../../Engine/Content/EditorMaterials/MatineeGroups/MAT_Groups_Anim.uasset" 364
"../../../Engine/Content/EditorMaterials/MatineeGroups/MAT_Groups_Fade.uasset" 365
"../../../Engine/Content/EditorMaterials/MatineeGroups/MAT_Groups_Move.uasset" 366
"../../../Engine/Content/EditorMaterials/MatineeGroups/MAT_Groups_Slomo.uasset" 367
"../../../Engine/Content/EditorMaterials/MatineeGroups/MAT_ColorTrack.uasset" 368
"../../../Engine/Content/EditorMaterials/MAT_Groups_Toggle.uasset" 369
"../../../Engine/Content/EditorMaterials/MatineeGroups/MAT_Groups_AudioMaster.uasset" 370
"../../../Engine/Content/EditorMaterials/MatineeGroups/MAT_Groups_Sound.uasset" 371
"../../../Engine/Content/EditorMaterials/MatineeGroups/MAT_Groups_Vector.uasset" 372
"../../../Engine/Content/EditorMaterials/MAT_Groups_Visibility.uasset" 373
"../../../Engine/Content/EngineResources/DefaultTexture.uasset" 374
"../../../Engine/Content/EngineResources/DefaultTextureCube.uasset" 375
"../../../Engine/Content/EngineSounds/Master.uasset" 376
"../../../Engine/Content/EngineSounds/Music.uasset" 377
"../../../Engine/Content/EngineSounds/SFX.uasset" 378
"../../../Engine/Content/EngineSounds/Normal_Attack.uasset" 379
"../../../Engine/Content/EngineSounds/Special_Attack_PSM.uasset" 380
"../../../Engine/Content/EngineSounds/Duck_Normal_Attack_MixMod.uasset" 381
"../../../Engine/Content/EngineSounds/Voice.uasset" 382
"../../../Engine/Content/EngineMeshes/Cylinder.uasset" 383
"../../../Engine/Content/EngineMaterials/DefaultMaterial.uasset" 384
"../../../Engine/Content/EngineTireTypes/DefaultTireType.uasset" 385
"../../../Engine/Content/Editor/Slate/Fonts/DroidSansMono.ttf" 386
"../../../Engine/Content/Editor/Slate/Fonts/Roboto-BoldCondensed.ttf" 387
"../../../Engine/Content/Editor/Slate/Fonts/Roboto-Black.ttf" 388
"../../../Engine/Content/Editor/Slate/Fonts/Roboto-BoldCondensedItalic.ttf" 389
"../../../Engine/Content/Editor/Slate/Fonts/Roboto-Italic.ttf" 390
"../../../Engine/Content/EngineFonts/Roboto.uasset" 391
"../../../Engine/Content/EngineMaterials/Widget3DPassThrough_Translucent.uasset" 392
"../../../Engine/Content/EngineMaterials/Widget3DPassThrough.uasset" 393
"../../../Engine/Content/EngineMaterials/Widget3DPassThrough_Translucent_OneSided.uasset" 394
"../../../Engine/Content/EngineMaterials/Widget3DPassThrough_Opaque.uasset" 395
"../../../Engine/Content/EngineMaterials/Widget3DPassThrough_Opaque_OneSided.uasset" 396
"../../../Engine/Plugins/2D/Paper2D/Content/MaskedUnlitSpriteMaterial.uasset" 397
"../../../Engine/Plugins/2D/Paper2D/Content/DefaultSpriteMaterial.uasset" 398
"../../../Engine/Plugins/2D/Paper2D/Content/DummySpriteTexture.uasset" 399
"../../../Engine/Plugins/2D/Paper2D/Content/OpaqueUnlitSpriteMaterial.uasset" 400
"../../../Engine/Plugins/2D/Paper2D/Content/DefaultPaperTerrainMaterial.uasset" 401
"../../../Engine/Plugins/2D/Paper2D/Content/DummySprite.uasset" 402
"../../../../../../Users/Sarah/GameProjects/LunaScape/Content/Blueprints/Princess_BP.uasset" 403
"../../../../../../Users/Sarah/GameProjects/LunaScape/Content/Character/HeroTPP_AnimBlueprint.uasset" 404
"../../../../../../Users/Sarah/GameProjects/LunaScape/Content/Animations/Jump_End.uasset" 405
"../../../../../../Users/Sarah/GameProjects/LunaScape/Content/Character/HeroTPP_Skeleton.uasset" 406
"../../../../../../Users/Sarah/GameProjects/LunaScape/Content/Animations/Jump_Loop.uasset" 407
"../../../../../../Users/Sarah/GameProjects/LunaScape/Content/Animations/Jump_Start.uasset" 408
"../../../../../../Users/Sarah/GameProjects/LunaScape/Content/Character/IdleRun_TPP.uasset" 409
"../../../../../../Users/Sarah/GameProjects/LunaScape/Content/Animations/Idle.uasset" 410
"../../../../../../Users/Sarah/GameProjects/LunaScape/Content/Animations/Run.uasset" 411
"../../../../../../Users/Sarah/GameProjects/LunaScape/Content/Animations/Walk.uasset" 412
"../../../Engine/Content/EditorBlueprintResources/StandardMacros.uasset" 413
"../../../../../../Users/Sarah/GameProjects/LunaScape/Content/Character/HeroTPP.uasset" 414
"../../../Engine/Content/TemplateResources/MI_Template_BaseBlue.uasset" 415
"../../../Engine/Content/TemplateResources/M_Template_Master.uasset" 416
"C:/Users/Sarah/AppData/Local/UnrealEngine/4.6/Saved/Config/Windows/SourceControlSettings.ini" 417
"../../../../../../Users/Sarah/GameProjects/LunaScape/Saved/Config/CleanSourceConfigs/SourceControlSettings.ini" 418
"C:/Users/Sarah/GameProjects/LunaScape/Saved/Config/Windows/SourceControlSettings.ini" 419
"../../../Engine/Content/EngineMaterials/RemoveSurfaceMaterial.uasset" 420
"../../../Engine/Content/EngineDebugMaterials/DebugMeshMaterial.uasset" 421
"../../../Engine/Content/EngineMaterials/M_InvalidLightmapSettings.uasset" 422
"../../../Engine/Content/EngineMaterials/InvalidLightmapSettings.uasset" 423
"../../../Engine/Content/EditorMaterials/GizmoMaterial.uasset" 424
"../../../Engine/Content/EngineMaterials/Good64x64TilingNoiseHighFreq.uasset" 425
"../../../Engine/Content/EngineMaterials/DefaultBokeh.uasset" 426
"../../../Engine/Content/EngineMaterials/PreintegratedSkinBRDF.uasset" 427
"../../../Engine/Content/EngineMaterials/MiniFont.uasset" 428
"../../../Engine/Content/EngineMaterials/WeightMapPlaceholderTexture.uasset" 429
"../../../Engine/Content/EngineMaterials/DefaultWhiteGrid.uasset" 430
"../../../Engine/Content/EngineMaterials/DefaultPhysicalMaterial.uasset" 431
"../../../Engine/Content/EngineFonts/RobotoTiny.uasset" 432
"../../../../../../Users/Sarah/GameProjects/LunaScape/Intermediate/CachedAssetRegistry.bin" 433
"../../../Engine/Content/MobileResources/HUD/VirtualJoystick_Thumb.uasset" 434
"../../../Engine/Content/MobileResources/HUD/VirtualJoystick_Background.uasset" 435
"../../../Engine/Content/MobileResources/HUD/T_Castle_ThumbstickOutter.uasset" 436
"../../../Engine/Content/MobileResources/HUD/T_Castle_ThumbstickInner.uasset" 437
"../../../Engine/Content/MobileResources/HUD/MobileHUDDirectionStick.uasset" 438
"../../../Engine/Content/MobileResources/HUD/MobileHUDDirectionPad3.uasset" 439
"../../../Engine/Content/MobileResources/HUD/MobileHUDDirectionPad2.uasset" 440
"../../../Engine/Content/MobileResources/HUD/MobileHUDDirectionPad.uasset" 441
"../../../Engine/Content/MobileResources/HUD/MobileHUDButtonFire.uasset" 442
"../../../Engine/Content/MobileResources/HUD/MobileHUDButton3.uasset" 443
"../../../Engine/Content/MobileResources/HUD/MobileHUDButton2_on.uasset" 444
"../../../Engine/Content/MobileResources/HUD/MobileHUDButton2_off.uasset" 445
"../../../Engine/Content/MobileResources/HUD/MobileHUDButton1_on.uasset" 446
"../../../Engine/Content/MobileResources/HUD/MobileHUDButton1_off.uasset" 447
"../../../Engine/Content/MobileResources/HUD/LeftVirtualJoystickOnly.uasset" 448
"../../../Engine/Content/MobileResources/HUD/DefaultVirtualJoysticks.uasset" 449
"../../../Engine/Content/MobileResources/HUD/AnalogHat.uasset" 450
"../../../Engine/Content/MobileResources/T_MobileMenu2.uasset" 451
"../../../Engine/Content/MobileResources/T_MobileControls_texture.uasset" 452
"../../../Engine/Content/Maps/Entry.umap" 453
"../../../Engine/Content/EngineMaterials/DefaultNormal.uasset" 454
"../../../../../../Users/Sarah/GameProjects/LunaScape/Content/StarterContent/StarterMap.umap" 455
"../../../Engine/Content/EngineSky/BP_Sky_Sphere.uasset" 456
"../../../Engine/Content/EngineSky/C_Sky_Cloud_Color.uasset" 457
"../../../Engine/Content/EngineSky/C_Sky_Horizon_Color.uasset" 458
"../../../Engine/Content/EngineSky/C_Sky_Zenith_Color.uasset" 459
"../../../Engine/Content/EngineSky/M_Sky_Panning_Clouds2.uasset" 460
"../../../Engine/Content/EngineSky/T_Sky_Blue.uasset" 461
"../../../Engine/Content/EngineSky/T_Sky_Clouds_M.uasset" 462
"../../../Engine/Content/EngineSky/T_Sky_Stars.uasset" 463
"../../../Engine/Content/EngineSky/SM_SkySphere.uasset" 464
"../../../../../../Users/Sarah/GameProjects/LunaScape/Content/StarterContent/Blueprints/Blueprint_CeilingLight.uasset" 465
"../../../../../../Users/Sarah/GameProjects/LunaScape/Content/StarterContent/Props/SM_Lamp_Ceiling.uasset" 466
"../../../../../../Users/Sarah/GameProjects/LunaScape/Content/StarterContent/Props/Materials/M_Lamp.uasset" 467
"../../../../../../Users/Sarah/GameProjects/LunaScape/Content/StarterContent/Textures/T_Lamp_M.uasset" 468
"../../../../../../Users/Sarah/GameProjects/LunaScape/Content/StarterContent/Textures/T_Lamp_N.uasset" 469
"../../../../../../Users/Sarah/GameProjects/LunaScape/Content/StarterContent/Blueprints/Blueprint_Effect_Fire.uasset" 470
"../../../../../../Users/Sarah/GameProjects/LunaScape/Content/StarterContent/Audio/Fire01_Cue.uasset" 471
"../../../../../../Users/Sarah/GameProjects/LunaScape/Content/StarterContent/Audio/Fire01.uasset" 472
"../../../../../../Users/Sarah/GameProjects/LunaScape/Content/StarterContent/Particles/P_Fire.uasset" 473
"../../../../../../Users/Sarah/GameProjects/LunaScape/Content/StarterContent/Particles/Materials/M_Fire_SubUV.uasset" 474
"../../../../../../Users/Sarah/GameProjects/LunaScape/Content/StarterContent/Textures/T_Fire_SubUV.uasset" 475
"../../../../../../Users/Sarah/GameProjects/LunaScape/Content/StarterContent/Textures/T_Fire_Tiled_D.uasset" 476
"../../../../../../Users/Sarah/GameProjects/LunaScape/Content/StarterContent/Particles/Materials/M_Heat_Distortion.uasset" 477
"../../../../../../Users/Sarah/GameProjects/LunaScape/Content/StarterContent/Textures/T_Water_N.uasset" 478
"../../../../../../Users/Sarah/GameProjects/LunaScape/Content/StarterContent/Particles/Materials/M_Radial_Gradient.uasset" 479
"../../../Engine/Content/Functions/Engine_MaterialFunctions01/Gradient/RadialGradient.uasset" 480
"../../../../../../Users/Sarah/GameProjects/LunaScape/Content/StarterContent/Particles/Materials/M_smoke_subUV.uasset" 481
"../../../../../../Users/Sarah/GameProjects/LunaScape/Content/StarterContent/Textures/T_Smoke_SubUV.uasset" 482
"../../../../../../Users/Sarah/GameProjects/LunaScape/Content/StarterContent/Textures/T_Smoke_Tiled_D.uasset" 483
"../../../../../../Users/Sarah/GameProjects/LunaScape/Content/StarterContent/Blueprints/Blueprint_Effect_Smoke.uasset" 484
"../../../../../../Users/Sarah/GameProjects/LunaScape/Content/StarterContent/Audio/Smoke01_Cue.uasset" 485
"../../../../../../Users/Sarah/GameProjects/LunaScape/Content/StarterContent/Audio/Smoke01.uasset" 486
"../../../../../../Users/Sarah/GameProjects/LunaScape/Content/StarterContent/Particles/P_Smoke.uasset" 487
"../../../../../../Users/Sarah/GameProjects/LunaScape/Content/StarterContent/Blueprints/Blueprint_Effect_Sparks.uasset" 488
"../../../../../../Users/Sarah/GameProjects/LunaScape/Content/StarterContent/Audio/Fire_Sparks01_Cue.uasset" 489
"../../../../../../Users/Sarah/GameProjects/LunaScape/Content/StarterContent/Audio/Fire_Sparks01.uasset" 490
"../../../../../../Users/Sarah/GameProjects/LunaScape/Content/StarterContent/Particles/P_Sparks.uasset" 491
"../../../../../../Users/Sarah/GameProjects/LunaScape/Content/StarterContent/Particles/Materials/M_Spark.uasset" 492
"../../../../../../Users/Sarah/GameProjects/LunaScape/Content/StarterContent/Textures/T_Spark_Core.uasset" 493
"../../../../../../Users/Sarah/GameProjects/LunaScape/Content/StarterContent/Blueprints/Blueprint_Effect_Steam.uasset" 494
"../../../../../../Users/Sarah/GameProjects/LunaScape/Content/StarterContent/Audio/Steam01_Cue.uasset" 495
"../../../../../../Users/Sarah/GameProjects/LunaScape/Content/StarterContent/Audio/Steam01.uasset" 496
"../../../../../../Users/Sarah/GameProjects/LunaScape/Content/StarterContent/Particles/P_Steam_Lit.uasset" 497
"../../../../../../Users/Sarah/GameProjects/LunaScape/Content/StarterContent/Blueprints/Blueprint_WallSconce.uasset" 498
"../../../../../../Users/Sarah/GameProjects/LunaScape/Content/StarterContent/Props/SM_Lamp_Wall.uasset" 499
"../../../Engine/Content/EngineMaterials/AntiAliasedTextMaterialTranslucent.uasset" 500
"../../../Engine/Content/Functions/Engine_MaterialFunctions03/Procedurals/ComputeFilterWidth.uasset" 501
"../../../../../../Users/Sarah/GameProjects/LunaScape/Content/StarterContent/Materials/M_Brick_Clay_Beveled.uasset" 502
"../../../../../../Users/Sarah/GameProjects/LunaScape/Content/StarterContent/Textures/T_Brick_Clay_Beveled_D.uasset" 503
"../../../../../../Users/Sarah/GameProjects/LunaScape/Content/StarterContent/Textures/T_Brick_Clay_Beveled_M.uasset" 504
"../../../../../../Users/Sarah/GameProjects/LunaScape/Content/StarterContent/Textures/T_Brick_Clay_Beveled_N.uasset" 505
"../../../../../../Users/Sarah/GameProjects/LunaScape/Content/StarterContent/Textures/T_MacroVariation.uasset" 506
"../../../../../../Users/Sarah/GameProjects/LunaScape/Content/StarterContent/Materials/M_Brick_Clay_New.uasset" 507
"../../../../../../Users/Sarah/GameProjects/LunaScape/Content/StarterContent/Textures/T_Brick_Clay_New_D.uasset" 508
"../../../../../../Users/Sarah/GameProjects/LunaScape/Content/StarterContent/Textures/T_Brick_Clay_New_M.uasset" 509
"../../../../../../Users/Sarah/GameProjects/LunaScape/Content/StarterContent/Textures/T_Brick_Clay_New_N.uasset" 510
"../../../../../../Users/Sarah/GameProjects/LunaScape/Content/StarterContent/Textures/T_Detail_Rocky_N.uasset" 511
"../../../../../../Users/Sarah/GameProjects/LunaScape/Content/StarterContent/Materials/M_Brick_Clay_Old.uasset" 512
"../../../../../../Users/Sarah/GameProjects/LunaScape/Content/StarterContent/Textures/T_Brick_Clay_Old_D.uasset" 513
"../../../../../../Users/Sarah/GameProjects/LunaScape/Content/StarterContent/Textures/T_Brick_Clay_Old_N.uasset" 514
"../../../../../../Users/Sarah/GameProjects/LunaScape/Content/StarterContent/Textures/T_Perlin_Noise_M.uasset" 515
"../../../../../../Users/Sarah/GameProjects/LunaScape/Content/StarterContent/Materials/M_Brick_Cut_Stone.uasset" 516
"../../../../../../Users/Sarah/GameProjects/LunaScape/Content/StarterContent/Textures/T_Brick_Cut_Stone_D.uasset" 517
"../../../../../../Users/Sarah/GameProjects/LunaScape/Content/StarterContent/Textures/T_Brick_Cut_Stone_N.uasset" 518
"../../../../../../Users/Sarah/GameProjects/LunaScape/Content/StarterContent/Materials/M_Brick_Hewn_Stone.uasset" 519
"../../../../../../Users/Sarah/GameProjects/LunaScape/Content/StarterContent/Textures/T_Brick_Hewn_Stone_D.uasset" 520
"../../../../../../Users/Sarah/GameProjects/LunaScape/Content/StarterContent/Textures/T_Brick_Hewn_Stone_M.uasset" 521
"../../../../../../Users/Sarah/GameProjects/LunaScape/Content/StarterContent/Textures/T_Brick_Hewn_Stone_N.uasset" 522
"../../../../../../Users/Sarah/GameProjects/LunaScape/Content/StarterContent/Materials/M_Ceramic_Tile_Checker.uasset" 523
"../../../../../../Users/Sarah/GameProjects/LunaScape/Content/StarterContent/Textures/T_Ceramic_Tile_M.uasset" 524
"../../../../../../Users/Sarah/GameProjects/LunaScape/Content/StarterContent/Textures/T_Ceramic_Tile_N.uasset" 525
"../../../../../../Users/Sarah/GameProjects/LunaScape/Content/StarterContent/Textures/T_Rock_Marble_Polished_D.uasset" 526
"../../../../../../Users/Sarah/GameProjects/LunaScape/Content/StarterContent/Materials/M_CobbleStone_Pebble.uasset" 527
"../../../../../../Users/Sarah/GameProjects/LunaScape/Content/StarterContent/Textures/T_CobbleStone_Pebble_D.uasset" 528
"../../../../../../Users/Sarah/GameProjects/LunaScape/Content/StarterContent/Textures/T_CobbleStone_Pebble_M.uasset" 529
"../../../../../../Users/Sarah/GameProjects/LunaScape/Content/StarterContent/Textures/T_CobbleStone_Pebble_N.uasset" 530
"../../../../../../Users/Sarah/GameProjects/LunaScape/Content/StarterContent/Materials/M_CobbleStone_Rough.uasset" 531
"../../../../../../Users/Sarah/GameProjects/LunaScape/Content/StarterContent/Textures/T_CobbleStone_Rough_D.uasset" 532
"../../../../../../Users/Sarah/GameProjects/LunaScape/Content/StarterContent/Textures/T_CobbleStone_Rough_N.uasset" 533
"../../../../../../Users/Sarah/GameProjects/LunaScape/Content/StarterContent/Textures/T_Gradinet_01.uasset" 534
"../../../../../../Users/Sarah/GameProjects/LunaScape/Content/StarterContent/Textures/T_Rock_Smooth_Granite_D.uasset" 535
"../../../../../../Users/Sarah/GameProjects/LunaScape/Content/StarterContent/Materials/M_CobbleStone_Smooth.uasset" 536
"../../../../../../Users/Sarah/GameProjects/LunaScape/Content/StarterContent/Textures/T_CobbleStone_Smooth_D.uasset" 537
"../../../../../../Users/Sarah/GameProjects/LunaScape/Content/StarterContent/Textures/T_CobbleStone_Smooth_M.uasset" 538
"../../../../../../Users/Sarah/GameProjects/LunaScape/Content/StarterContent/Textures/T_CobbleStone_Smooth_N.uasset" 539
"../../../../../../Users/Sarah/GameProjects/LunaScape/Content/StarterContent/Materials/M_Concrete_Grime.uasset" 540
"../../../../../../Users/Sarah/GameProjects/LunaScape/Content/StarterContent/Textures/T_Concrete_Grime_D.uasset" 541
"../../../../../../Users/Sarah/GameProjects/LunaScape/Content/StarterContent/Textures/T_Metal_Rust_N.uasset" 542
"../../../../../../Users/Sarah/GameProjects/LunaScape/Content/StarterContent/Materials/M_Concrete_Panels.uasset" 543
"../../../../../../Users/Sarah/GameProjects/LunaScape/Content/StarterContent/Textures/T_Concrete_Panels_D.uasset" 544
"../../../../../../Users/Sarah/GameProjects/LunaScape/Content/StarterContent/Textures/T_Concrete_Panels_N.uasset" 545
"../../../../../../Users/Sarah/GameProjects/LunaScape/Content/StarterContent/Materials/M_Concrete_Poured.uasset" 546
"../../../../../../Users/Sarah/GameProjects/LunaScape/Content/StarterContent/Textures/T_Concrete_Poured_D.uasset" 547
"../../../../../../Users/Sarah/GameProjects/LunaScape/Content/StarterContent/Textures/T_Concrete_Poured_N.uasset" 548
"../../../../../../Users/Sarah/GameProjects/LunaScape/Content/StarterContent/Materials/M_Concrete_Tiles.uasset" 549
"../../../../../../Users/Sarah/GameProjects/LunaScape/Content/StarterContent/Textures/T_Concrete_Tiles_D.uasset" 550
"../../../../../../Users/Sarah/GameProjects/LunaScape/Content/StarterContent/Textures/T_Concrete_Tiles_M.uasset" 551
"../../../../../../Users/Sarah/GameProjects/LunaScape/Content/StarterContent/Textures/T_Concrete_Tiles_N.uasset" 552
"../../../../../../Users/Sarah/GameProjects/LunaScape/Content/StarterContent/Textures/T_Concrete_Tiles_Variation_M.uasset" 553
"../../../../../../Users/Sarah/GameProjects/LunaScape/Content/StarterContent/Materials/M_Ground_Grass.uasset" 554
"../../../../../../Users/Sarah/GameProjects/LunaScape/Content/StarterContent/Textures/T_Ground_Grass_D.uasset" 555
"../../../../../../Users/Sarah/GameProjects/LunaScape/Content/StarterContent/Textures/T_Ground_Grass_N.uasset" 556
"../../../../../../Users/Sarah/GameProjects/LunaScape/Content/StarterContent/Materials/M_Ground_Gravel.uasset" 557
"../../../../../../Users/Sarah/GameProjects/LunaScape/Content/StarterContent/Textures/T_Ground_Gravel_D.uasset" 558
"../../../../../../Users/Sarah/GameProjects/LunaScape/Content/StarterContent/Textures/T_Ground_Gravel_N.uasset" 559
"../../../../../../Users/Sarah/GameProjects/LunaScape/Content/StarterContent/Materials/M_Ground_Moss.uasset" 560
"../../../../../../Users/Sarah/GameProjects/LunaScape/Content/StarterContent/Textures/T_ground_Moss_D.uasset" 561
"../../../../../../Users/Sarah/GameProjects/LunaScape/Content/StarterContent/Textures/T_Ground_Moss_N.uasset" 562
"../../../../../../Users/Sarah/GameProjects/LunaScape/Content/StarterContent/Materials/M_Metal_Brushed_Nickel.uasset" 563
"../../../../../../Users/Sarah/GameProjects/LunaScape/Content/StarterContent/Materials/M_Metal_Burnished_Steel.uasset" 564
"../../../../../../Users/Sarah/GameProjects/LunaScape/Content/StarterContent/Textures/T_Metal_Aluminum_D.uasset" 565
"../../../../../../Users/Sarah/GameProjects/LunaScape/Content/StarterContent/Textures/T_Metal_Gold_N.uasset" 566
"../../../../../../Users/Sarah/GameProjects/LunaScape/Content/StarterContent/Materials/M_Metal_Chrome.uasset" 567
"../../../../../../Users/Sarah/GameProjects/LunaScape/Content/StarterContent/Materials/M_Metal_Copper.uasset" 568
"../../../../../../Users/Sarah/GameProjects/LunaScape/Content/StarterContent/Textures/T_Metal_Copper_D.uasset" 569
"../../../../../../Users/Sarah/GameProjects/LunaScape/Content/StarterContent/Materials/M_Metal_Gold.uasset" 570
"../../../../../../Users/Sarah/GameProjects/LunaScape/Content/StarterContent/Textures/T_Metal_Gold_D.uasset" 571
"../../../../../../Users/Sarah/GameProjects/LunaScape/Content/StarterContent/Materials/M_Metal_Rust.uasset" 572
"../../../Engine/Content/Functions/Engine_MaterialFunctions02/Utility/BlendAngleCorrectedNormals.uasset" 573
"../../../../../../Users/Sarah/GameProjects/LunaScape/Content/StarterContent/Textures/T_Metal_Rust_D.uasset" 574
"../../../../../../Users/Sarah/GameProjects/LunaScape/Content/StarterContent/Materials/M_Metal_Steel.uasset" 575
"../../../../../../Users/Sarah/GameProjects/LunaScape/Content/StarterContent/Textures/T_Metal_Steel_D.uasset" 576
"../../../../../../Users/Sarah/GameProjects/LunaScape/Content/StarterContent/Textures/T_Metal_Steel_N.uasset" 577
"../../../../../../Users/Sarah/GameProjects/LunaScape/Content/StarterContent/Materials/M_Rock_Basalt.uasset" 578
"../../../../../../Users/Sarah/GameProjects/LunaScape/Content/StarterContent/Textures/T_Rock_Basalt_D.uasset" 579
"../../../../../../Users/Sarah/GameProjects/LunaScape/Content/StarterContent/Textures/T_Rock_Basalt_N.uasset" 580
"../../../../../../Users/Sarah/GameProjects/LunaScape/Content/StarterContent/Materials/M_Rock_Marble_Polished.uasset" 581
"../../../../../../Users/Sarah/GameProjects/LunaScape/Content/StarterContent/Materials/M_Rock_Sandstone.uasset" 582
"../../../../../../Users/Sarah/GameProjects/LunaScape/Content/StarterContent/Textures/T_Rock_Sandstone_D.uasset" 583
"../../../../../../Users/Sarah/GameProjects/LunaScape/Content/StarterContent/Textures/T_Rock_Sandstone_N.uasset" 584
"../../../../../../Users/Sarah/GameProjects/LunaScape/Content/StarterContent/Materials/M_Rock_Slate.uasset" 585
"../../../../../../Users/Sarah/GameProjects/LunaScape/Content/StarterContent/Textures/T_Rock_Slate_D.uasset" 586
"../../../../../../Users/Sarah/GameProjects/LunaScape/Content/StarterContent/Textures/T_Rock_Slate_N.uasset" 587
"../../../../../../Users/Sarah/GameProjects/LunaScape/Content/StarterContent/Materials/M_Tech_Checker_Dot.uasset" 588
"../../../../../../Users/Sarah/GameProjects/LunaScape/Content/StarterContent/Textures/T_Checker_Noise_M.uasset" 589
"../../../../../../Users/Sarah/GameProjects/LunaScape/Content/StarterContent/Textures/T_Single_Tile_N.uasset" 590
"../../../../../../Users/Sarah/GameProjects/LunaScape/Content/StarterContent/Textures/T_Tech_Dot_M.uasset" 591
"../../../../../../Users/Sarah/GameProjects/LunaScape/Content/StarterContent/Textures/T_Tech_Dot_N.uasset" 592
"../../../../../../Users/Sarah/GameProjects/LunaScape/Content/StarterContent/Materials/M_Tech_Hex_Tile.uasset" 593
"../../../../../../Users/Sarah/GameProjects/LunaScape/Content/StarterContent/Textures/T_Tech_Hex_Tile_M.uasset" 594
"../../../../../../Users/Sarah/GameProjects/LunaScape/Content/StarterContent/Textures/T_Tech_Hex_Tile_N.uasset" 595
"../../../../../../Users/Sarah/GameProjects/LunaScape/Content/StarterContent/Materials/M_Tech_Hex_Tile_Pulse.uasset" 596
"../../../../../../Users/Sarah/GameProjects/LunaScape/Content/StarterContent/Materials/M_Tech_Panel.uasset" 597
"../../../../../../Users/Sarah/GameProjects/LunaScape/Content/StarterContent/Textures/T_Tech_Panel_M.uasset" 598
"../../../../../../Users/Sarah/GameProjects/LunaScape/Content/StarterContent/Textures/T_Tech_Panel_N.uasset" 599
"../../../../../../Users/Sarah/GameProjects/LunaScape/Content/StarterContent/Materials/M_Water_Lake.uasset" 600
"../../../../../../Users/Sarah/GameProjects/LunaScape/Content/StarterContent/Materials/M_Water_Ocean.uasset" 601
"../../../../../../Users/Sarah/GameProjects/LunaScape/Content/StarterContent/Textures/T_Water_M.uasset" 602
"../../../../../../Users/Sarah/GameProjects/LunaScape/Content/StarterContent/Materials/M_Wood_Floor_Walnut_Polished.uasset" 603
"../../../../../../Users/Sarah/GameProjects/LunaScape/Content/StarterContent/Textures/T_Wood_Floor_Walnut_D.uasset" 604
"../../../../../../Users/Sarah/GameProjects/LunaScape/Content/StarterContent/Textures/T_Wood_Floor_Walnut_M.uasset" 605
"../../../../../../Users/Sarah/GameProjects/LunaScape/Content/StarterContent/Textures/T_Wood_Floor_Walnut_N.uasset" 606
"../../../../../../Users/Sarah/GameProjects/LunaScape/Content/StarterContent/Materials/M_Wood_Floor_Walnut_Worn.uasset" 607
"../../../Engine/Content/Functions/Engine_MaterialFunctions01/Opacity/AlphaOffset.uasset" 608
"../../../../../../Users/Sarah/GameProjects/LunaScape/Content/StarterContent/Materials/M_Wood_Oak.uasset" 609
"../../../../../../Users/Sarah/GameProjects/LunaScape/Content/StarterContent/Textures/T_Wood_Oak_D.uasset" 610
"../../../../../../Users/Sarah/GameProjects/LunaScape/Content/StarterContent/Textures/T_Wood_Oak_N.uasset" 611
"../../../../../../Users/Sarah/GameProjects/LunaScape/Content/StarterContent/Materials/M_Wood_Pine.uasset" 612
"../../../../../../Users/Sarah/GameProjects/LunaScape/Content/StarterContent/Textures/T_Wood_Pine_D.uasset" 613
"../../../../../../Users/Sarah/GameProjects/LunaScape/Content/StarterContent/Textures/T_Wood_Pine_N.uasset" 614
"../../../../../../Users/Sarah/GameProjects/LunaScape/Content/StarterContent/Materials/M_Wood_Walnut.uasset" 615
"../../../../../../Users/Sarah/GameProjects/LunaScape/Content/StarterContent/Textures/T_Wood_Walnut_D.uasset" 616
"../../../../../../Users/Sarah/GameProjects/LunaScape/Content/StarterContent/Textures/T_Wood_Walnut_N.uasset" 617
"../../../../../../Users/Sarah/GameProjects/LunaScape/Content/StarterContent/Props/Materials/M_Chair.uasset" 618
"../../../../../../Users/Sarah/GameProjects/LunaScape/Content/StarterContent/Textures/T_Chair_M.uasset" 619
"../../../../../../Users/Sarah/GameProjects/LunaScape/Content/StarterContent/Textures/T_Chair_N.uasset" 620
"../../../../../../Users/Sarah/GameProjects/LunaScape/Content/StarterContent/Architecture/Floor_400x400.uasset" 621
"../../../../../../Users/Sarah/GameProjects/LunaScape/Content/StarterContent/Materials/M_Basic_Floor.uasset" 622
"../../../../../../Users/Sarah/GameProjects/LunaScape/Content/StarterContent/Architecture/Wall_400x200.uasset" 623
"../../../../../../Users/Sarah/GameProjects/LunaScape/Content/StarterContent/Materials/M_Basic_Wall.uasset" 624
"../../../../../../Users/Sarah/GameProjects/LunaScape/Content/StarterContent/Architecture/Wall_Door_400x300.uasset" 625
"../../../../../../Users/Sarah/GameProjects/LunaScape/Content/StarterContent/Architecture/Wall_Window_400x300.uasset" 626
"../../../../../../Users/Sarah/GameProjects/LunaScape/Content/StarterContent/Audio/Collapse_Cue.uasset" 627
"../../../../../../Users/Sarah/GameProjects/LunaScape/Content/StarterContent/Audio/Collapse01.uasset" 628
"../../../../../../Users/Sarah/GameProjects/LunaScape/Content/StarterContent/Audio/Collapse02.uasset" 629
"../../../../../../Users/Sarah/GameProjects/LunaScape/Content/StarterContent/Audio/Starter_Background_Cue.uasset" 630
"../../../../../../Users/Sarah/GameProjects/LunaScape/Content/StarterContent/Audio/Starter_Birds01.uasset" 631
"../../../../../../Users/Sarah/GameProjects/LunaScape/Content/StarterContent/Audio/Starter_Wind05.uasset" 632
"../../../../../../Users/Sarah/GameProjects/LunaScape/Content/StarterContent/Audio/Starter_Wind06.uasset" 633
"../../../../../../Users/Sarah/GameProjects/LunaScape/Content/StarterContent/Audio/Starter_Music_Cue.uasset" 634
"../../../../../../Users/Sarah/GameProjects/LunaScape/Content/StarterContent/Audio/Starter_Music01.uasset" 635
"../../../../../../Users/Sarah/GameProjects/LunaScape/Content/StarterContent/Particles/P_Ambient_Dust.uasset" 636
"../../../../../../Users/Sarah/GameProjects/LunaScape/Content/StarterContent/Particles/Materials/M_Dust_Particle.uasset" 637
"../../../../../../Users/Sarah/GameProjects/LunaScape/Content/StarterContent/Textures/T_Dust_Particle_D.uasset" 638
"../../../../../../Users/Sarah/GameProjects/LunaScape/Content/StarterContent/Props/MaterialSphere.uasset" 639
"../../../../../../Users/Sarah/GameProjects/LunaScape/Content/StarterContent/Props/SM_Chair.uasset" 640
"../../../../../../Users/Sarah/GameProjects/LunaScape/Content/StarterContent/Props/SM_CornerFrame.uasset" 641
"../../../../../../Users/Sarah/GameProjects/LunaScape/Content/StarterContent/Props/Materials/M_Frame.uasset" 642
"../../../../../../Users/Sarah/GameProjects/LunaScape/Content/StarterContent/Textures/T_Frame_M.uasset" 643
"../../../../../../Users/Sarah/GameProjects/LunaScape/Content/StarterContent/Textures/T_Frame_N.uasset" 644
"../../../../../../Users/Sarah/GameProjects/LunaScape/Content/StarterContent/Props/SM_DoorFrame.uasset" 645
"../../../../../../Users/Sarah/GameProjects/LunaScape/Content/StarterContent/Props/SM_GlassWindow.uasset" 646
"../../../../../../Users/Sarah/GameProjects/LunaScape/Content/StarterContent/Materials/M_Glass.uasset" 647
"../../../../../../Users/Sarah/GameProjects/LunaScape/Content/StarterContent/Props/SM_PillarFrame.uasset" 648
"../../../../../../Users/Sarah/GameProjects/LunaScape/Content/StarterContent/Props/SM_PillarFrame300.uasset" 649
"../../../../../../Users/Sarah/GameProjects/LunaScape/Content/StarterContent/Props/SM_Statue.uasset" 650
"../../../../../../Users/Sarah/GameProjects/LunaScape/Content/StarterContent/Props/Materials/M_Statue.uasset" 651
"../../../../../../Users/Sarah/GameProjects/LunaScape/Content/StarterContent/Textures/T_Statue_M.uasset" 652
"../../../../../../Users/Sarah/GameProjects/LunaScape/Content/StarterContent/Textures/T_Statue_N.uasset" 653
"../../../../../../Users/Sarah/GameProjects/LunaScape/Content/StarterContent/Props/Materials/M_StatueGlass.uasset" 654
"../../../../../../Users/Sarah/GameProjects/LunaScape/Content/StarterContent/Props/SM_TableRound.uasset" 655
"../../../../../../Users/Sarah/GameProjects/LunaScape/Content/StarterContent/Props/Materials/M_TableRound.uasset" 656
"../../../../../../Users/Sarah/GameProjects/LunaScape/Content/StarterContent/Textures/T_TableRound_M.uasset" 657
"../../../../../../Users/Sarah/GameProjects/LunaScape/Content/StarterContent/Textures/T_TableRound_N.uasset" 658
"../../../../../../Users/Sarah/GameProjects/LunaScape/Content/StarterContent/Props/SM_WindowFrame.uasset" 659
"../../../../../../Users/Sarah/GameProjects/LunaScape/Content/StarterContent/Shapes/Shape_Cube.uasset" 660
"../../../../../../Users/Sarah/GameProjects/LunaScape/Content/StarterContent/Shapes/Shape_QuadPyramid.uasset" 661
"../../../../../../Users/Sarah/GameProjects/LunaScape/Content/StarterContent/Shapes/Shape_Sphere.uasset" 662
"C:/Users/Sarah/AppData/Local/UnrealEngine/Common/DerivedDataCache/7/5/0/PHYSX_$7B1F0627AE$2DABEB$2D4206$2D8D78$2DE16BEB5DDC7E$7D_PHYSXPC_2D553FC04B8E9__E9635B07F1EF5DA1F0508AEE34C7C5BB3AC0A901.udd" 663
"../../../Engine/Content/EditorResources/AudioIcons/S_AudioComponent_AutoActivate.uasset" 664
"../../../Engine/Content/EditorResources/AudioIcons/S_AudioComponent.uasset" 665
"../../../../../../Users/Sarah/GameProjects/LunaScape/Content/StarterContent/Minimal_Default.umap" 666
"../../../../../../Users/Sarah/GameProjects/LunaScape/Content/StarterContent/Advanced_Lighting.umap" 667
"../../../../../../Users/Sarah/GameProjects/LunaScape/Content/StarterContent/Blueprints/BP_LightStudio.uasset" 668
"../../../../../../Users/Sarah/GameProjects/LunaScape/Content/StarterContent/Blueprints/Assets/FogBrightnessLUT.uasset" 669
"../../../../../../Users/Sarah/GameProjects/LunaScape/Content/StarterContent/Blueprints/Assets/SunlightColorLUT.uasset" 670
"../../../../../../Users/Sarah/GameProjects/LunaScape/Content/StarterContent/Blueprints/Assets/M_LightStage_Arrows.uasset" 671
"../../../../../../Users/Sarah/GameProjects/LunaScape/Content/StarterContent/Blueprints/Assets/M_LightStage_Skybox_Master.uasset" 672
"../../../Engine/Content/MapTemplates/Sky/DaylightAmbientCubemap.uasset" 673
"../../../../../../Users/Sarah/GameProjects/LunaScape/Content/StarterContent/Blueprints/Assets/M_LightStage_Skybox_Black.uasset" 674
"../../../../../../Users/Sarah/GameProjects/LunaScape/Content/StarterContent/Blueprints/Assets/M_LightStage_Skybox_HDRI.uasset" 675
"../../../../../../Users/Sarah/GameProjects/LunaScape/Content/StarterContent/Blueprints/Assets/Skybox.uasset" 676
"../../../Engine/Content/EditorMaterials/Thumbnails/SkySphereMaterial.uasset" 677
"../../../../../../Users/Sarah/GameProjects/LunaScape/Content/StarterContent/Blueprints/Assets/SM_Arrows.uasset" 678
"../../../../../../Users/Sarah/GameProjects/LunaScape/Content/StarterContent/HDRI/HDRI_Epic_Courtyard_Daylight.uasset" 679
"../../../../../../Users/Sarah/GameProjects/LunaScape/Content/StarterContent/Materials/M_AssetPlatform.uasset" 680
"../../../Engine/Content/EditorMeshes/ColorCalibrator/SM_ColorCalibrator.uasset" 681
"../../../Engine/Content/EditorMeshes/ColorCalibrator/M_ChromeBall.uasset" 682
"../../../Engine/Content/EditorMeshes/ColorCalibrator/M_ClearCoat.uasset" 683
"../../../Engine/Content/EditorMeshes/ColorCalibrator/M_ClearCoatBlack.uasset" 684
"../../../Engine/Content/EditorMeshes/ColorCalibrator/M_ColorGrid.uasset" 685
"../../../Engine/Content/EditorMeshes/ColorCalibrator/T_ColorGrid.uasset" 686
"../../../Engine/Content/EditorMeshes/ColorCalibrator/M_GreyBall.uasset" 687
"../../../../../../Users/Sarah/GameProjects/LunaScape/Content/StarterContent/Architecture/SM_AssetPlatform.uasset" 688
"../../../Engine/Content/EditorResources/LightIcons/S_LightError.uasset" 689
"../../../../../../Users/Sarah/GameProjects/LunaScape/Content/Blueprints/Levels/LevelDummy_BP.umap" 690
"../../../../../../Users/Sarah/GameProjects/LunaScape/Content/Blueprints/UI/Start_BP.uasset" 691
"../../../../../../Users/Sarah/GameProjects/LunaScape/Content/Blueprints/Levels/GameLevel.umap" 692
"../../../../../../Users/Sarah/GameProjects/LunaScape/Content/Blueprints/Elements/ExitTile_BP.uasset" 693
"../../../../../../Users/Sarah/GameProjects/LunaScape/Content/StarterContent/Shapes/Shape_Cube_Exit.uasset" 694
"../../../../../../Users/Sarah/GameProjects/LunaScape/Content/Blueprints/Elements/SquareTile_BP.uasset" 695
"C:/Users/Sarah/AppData/Local/UnrealEngine/Common/DerivedDataCache/5/2/5/PHYSX_$7B1F0627AE$2DABEB$2D4206$2D8D78$2DE16BEB5DDC7E$7D_PHYSXPC_B4479C0F400F2__4942A5B41DD903CF8C6F31CB856CC7E5684298BA.udd" 696
"../../../../../../Users/Sarah/GameProjects/LunaScape/Content/StarterContent/Textures/T_Shelf_N.uasset" 697
"../../../../../../Users/Sarah/GameProjects/LunaScape/Content/StarterContent/Textures/T_Shelf_M.uasset" 698
"../../../../../../Users/Sarah/GameProjects/LunaScape/Content/StarterContent/Textures/T_RockMesh_N.uasset" 699
"../../../../../../Users/Sarah/GameProjects/LunaScape/Content/StarterContent/Textures/T_RockMesh_M.uasset" 700
"../../../../../../Users/Sarah/GameProjects/LunaScape/Content/StarterContent/Textures/T_Explosion_SubUV.uasset" 701
"../../../../../../Users/Sarah/GameProjects/LunaScape/Content/StarterContent/Textures/T_Door_N.uasset" 702
"../../../../../../Users/Sarah/GameProjects/LunaScape/Content/StarterContent/Textures/T_Door_M.uasset" 703
"../../../../../../Users/Sarah/GameProjects/LunaScape/Content/StarterContent/Textures/T_Bush_N.uasset" 704
"../../../../../../Users/Sarah/GameProjects/LunaScape/Content/StarterContent/Textures/T_Bush_D.uasset" 705
"../../../../../../Users/Sarah/GameProjects/LunaScape/Content/StarterContent/Textures/T_Burst_M.uasset" 706
"../../../../../../Users/Sarah/GameProjects/LunaScape/Content/StarterContent/Shapes/Shape_WideCapsule.uasset" 707
"../../../../../../Users/Sarah/GameProjects/LunaScape/Content/StarterContent/Shapes/Shape_Wedge_B.uasset" 708
"../../../../../../Users/Sarah/GameProjects/LunaScape/Content/StarterContent/Shapes/Shape_Wedge_A.uasset" 709
"../../../../../../Users/Sarah/GameProjects/LunaScape/Content/StarterContent/Shapes/Shape_Tube.uasset" 710
"../../../../../../Users/Sarah/GameProjects/LunaScape/Content/StarterContent/Shapes/Shape_TriPyramid.uasset" 711
"../../../../../../Users/Sarah/GameProjects/LunaScape/Content/StarterContent/Shapes/Shape_Trim_90_Out.uasset" 712
"../../../../../../Users/Sarah/GameProjects/LunaScape/Content/StarterContent/Shapes/Shape_Trim_90_In.uasset" 713
"../../../../../../Users/Sarah/GameProjects/LunaScape/Content/StarterContent/Shapes/Shape_Trim.uasset" 714
"../../../../../../Users/Sarah/GameProjects/LunaScape/Content/StarterContent/Shapes/Shape_Torus.uasset" 715
"../../../../../../Users/Sarah/GameProjects/LunaScape/Content/StarterContent/Shapes/Shape_Plane.uasset" 716
"../../../../../../Users/Sarah/GameProjects/LunaScape/Content/StarterContent/Shapes/Shape_Pipe_90.uasset" 717
"../../../../../../Users/Sarah/GameProjects/LunaScape/Content/StarterContent/Shapes/Shape_Pipe_180.uasset" 718
"../../../../../../Users/Sarah/GameProjects/LunaScape/Content/StarterContent/Shapes/Shape_Pipe.uasset" 719
"../../../../../../Users/Sarah/GameProjects/LunaScape/Content/StarterContent/Shapes/Shape_NarrowCapsule.uasset" 720
"../../../../../../Users/Sarah/GameProjects/LunaScape/Content/StarterContent/Shapes/Shape_Cylinder.uasset" 721
"../../../../../../Users/Sarah/GameProjects/LunaScape/Content/StarterContent/Shapes/Shape_Cone.uasset" 722
"../../../../../../Users/Sarah/GameProjects/LunaScape/Content/StarterContent/Props/Materials/M_Shelf.uasset" 723
"../../../../../../Users/Sarah/GameProjects/LunaScape/Content/StarterContent/Props/Materials/M_Rock.uasset" 724
"../../../../../../Users/Sarah/GameProjects/LunaScape/Content/StarterContent/Props/Materials/M_MaterialSphere_Plain.uasset" 725
"../../../../../../Users/Sarah/GameProjects/LunaScape/Content/StarterContent/Props/Materials/M_MaterialSphere.uasset" 726
"../../../../../../Users/Sarah/GameProjects/LunaScape/Content/StarterContent/Props/Materials/M_Door.uasset" 727
"../../../../../../Users/Sarah/GameProjects/LunaScape/Content/StarterContent/Props/Materials/M_Bush.uasset" 728
"../../../../../../Users/Sarah/GameProjects/LunaScape/Content/StarterContent/Props/SM_Stairs.uasset" 729
"../../../../../../Users/Sarah/GameProjects/LunaScape/Content/StarterContent/Props/SM_Shelf.uasset" 730
"../../../../../../Users/Sarah/GameProjects/LunaScape/Content/StarterContent/Props/SM_Rock.uasset" 731
"../../../../../../Users/Sarah/GameProjects/LunaScape/Content/StarterContent/Props/SM_MatPreviewMesh_02.uasset" 732
"../../../../../../Users/Sarah/GameProjects/LunaScape/Content/StarterContent/Props/SM_Door.uasset" 733
"../../../../../../Users/Sarah/GameProjects/LunaScape/Content/StarterContent/Props/SM_Couch.uasset" 734
"../../../../../../Users/Sarah/GameProjects/LunaScape/Content/StarterContent/Props/SM_Bush.uasset" 735
"../../../../../../Users/Sarah/GameProjects/LunaScape/Content/StarterContent/Particles/Materials/M_radial_ramp.uasset" 736
"../../../../../../Users/Sarah/GameProjects/LunaScape/Content/StarterContent/Particles/Materials/m_flare_01.uasset" 737
"../../../../../../Users/Sarah/GameProjects/LunaScape/Content/StarterContent/Particles/Materials/M_explosion_subUV.uasset" 738
"../../../../../../Users/Sarah/GameProjects/LunaScape/Content/StarterContent/Particles/Materials/M_Burst.uasset" 739
"../../../../../../Users/Sarah/GameProjects/LunaScape/Content/StarterContent/Particles/P_Explosion.uasset" 740
"../../../../../../Users/Sarah/GameProjects/LunaScape/Content/StarterContent/Materials/M_ColorGrid_LowSpec.uasset" 741
"../../../../../../Users/Sarah/GameProjects/LunaScape/Content/StarterContent/Blueprints/Blueprint_Effect_Explosion.uasset" 742
"../../../../../../Users/Sarah/GameProjects/LunaScape/Content/StarterContent/Audio/Explosion_Cue.uasset" 743
"../../../../../../Users/Sarah/GameProjects/LunaScape/Content/StarterContent/Audio/Explosion01.uasset" 744
"../../../../../../Users/Sarah/GameProjects/LunaScape/Content/StarterContent/Audio/Explosion02.uasset" 745
"../../../../../../Users/Sarah/GameProjects/LunaScape/Content/StarterContent/Audio/Light02_Cue.uasset" 746
"../../../../../../Users/Sarah/GameProjects/LunaScape/Content/StarterContent/Audio/Light02.uasset" 747
"../../../../../../Users/Sarah/GameProjects/LunaScape/Content/StarterContent/Audio/Light01_Cue.uasset" 748
"../../../../../../Users/Sarah/GameProjects/LunaScape/Content/StarterContent/Audio/Light01.uasset" 749
"../../../../../../Users/Sarah/GameProjects/LunaScape/Content/StarterContent/Architecture/Wall_Window_400x400.uasset" 750
"../../../../../../Users/Sarah/GameProjects/LunaScape/Content/StarterContent/Architecture/Wall_Door_400x400.uasset" 751
"../../../../../../Users/Sarah/GameProjects/LunaScape/Content/StarterContent/Architecture/Wall_500x500.uasset" 752
"../../../../../../Users/Sarah/GameProjects/LunaScape/Content/StarterContent/Architecture/Wall_400x400.uasset" 753
"../../../../../../Users/Sarah/GameProjects/LunaScape/Content/StarterContent/Architecture/Wall_400x300.uasset" 754
"../../../../../../Users/Sarah/GameProjects/LunaScape/Content/StarterContent/Architecture/Pillar_50x500.uasset" 755
"../../../../../../Users/Sarah/GameProjects/LunaScape/Content/Blueprints/Elements/LongTile_BP.uasset" 756
"../../../../../../Users/Sarah/GameProjects/LunaScape/Content/Blueprints/Elements/BasicTile_BP.uasset" 757
"../../../../../../Users/Sarah/GameProjects/LunaScape/Content/Blueprints/AI/Princess_BP.uasset" 758
"../../../../../../Users/Sarah/GameProjects/LunaScape/Content/Blueprints/AI/PController_BP.uasset" 759
"../../../../../../Users/Sarah/GameProjects/LunaScape/Content/Blueprints/AI/PrincessBehaviour.uasset" 760
"../../../../../../Users/Sarah/GameProjects/LunaScape/Content/Blueprints/Start_BP.uasset" 761
"../../../../../../Users/Sarah/GameProjects/LunaScape/Content/Blueprints/BP_Grid.uasset" 762
